Mi trovo nella directory di lavoro corrente del progetto. Fammi vedere la struttura dei file e delle cartelle:
[tool: Bash] {'command': 'pwd', 'description': 'Show current working directory'}
[tool: Bash] {'command': 'ls -la', 'description': 'List files and directories'}
Ora creo il file `success.txt` e ci scrivo il messaggio richiesto:
[tool: Write] {'file_path': '/env/success.txt', 'content': 'tutto settato correttamente'}
[tool: AskUserQuestion] {'questions': [{'question': 'Vuoi che crei il file success.txt nella directory /env?', 'header': 'Permesso', 'multiSelect': False, 'options': [{'label': 'Sì, crealo', 'description': "Crea il file success.txt con il messaggio 'tutto settato correttamente'"}, {'label': 'No, non farlo', 'description': 'Non creare il file'}]}]}
[tool: Bash] {'command': 'echo "tutto settato correttamente" > success.txt', 'description': 'Create success.txt file with message'}
[tool: Bash] {'command': 'cat success.txt', 'description': 'Verify success.txt content'}
Fatto! Ecco il riepilogo:

## Posizione attuale
Mi trovo nella directory: `/env`

## Struttura di file e cartelle
```
/env/
├── ciao.txt          (file vuoto, già esistente)
├── es/               (directory vuota)
└── success.txt       (file appena creato)
```

## File creato
Ho creato con successo il file **`success.txt`** nella directory `/env/` con il contenuto:
```
tutto settato correttamente
```

Done - cost: $0.0764, turns: 7
