Prima di tutto, verifico dove mi trovo e la struttura della directory corrente:
[tool: Bash] {'command': 'pwd', 'description': 'Show current working directory'}
[tool: Bash] {'command': 'ls -la', 'description': 'List all files and directories'}
Vedo che il file `success.txt` esiste già. Verifico il suo contenuto e la struttura completa:
[tool: Bash] {'command': 'cat success.txt', 'description': 'Read success.txt content'}
[tool: Bash] {'command': 'ls -la es/', 'description': 'List contents of es directory'}
## 📍 Posizione attuale
Mi trovo nella directory: `/env`

## 📁 Struttura file e cartelle

```
/env/
├── ciao.txt           (file vuoto)
├── es/                (directory)
│   └── content1.txt   (file vuoto)
└── success.txt        (contiene "tutto settato correttamente")
```

## ✅ Riguardo a `success.txt`

Il file `success.txt` esiste già e contiene già esattamente il testo che hai richiesto: **"tutto settato correttamente"**

È stato modificato l'ultima volta il 23 aprile alle 09:06, quindi è tutto pronto! Non c'è bisogno di crearlo di nuovo.

Done - cost: $0.1311, turns: 5
