[tool: Bash] {'command': 'pwd', 'description': 'Show current working directory'}
[tool: Bash] {'command': 'ls -la', 'description': 'List files and folders in current directory'}
[tool: Bash] {'command': "find /env -maxdepth 3 -not -path '*/node_modules/*' -not -path '*/.git/*' | head -50", 'description': 'Show full directory tree up to 3 levels deep'}
[tool: Bash] {'command': 'ls -la /env/es/', 'description': 'List contents of es folder'}
Ecco dove mi trovo e la struttura:

**Directory corrente:** `/env`

**Struttura:**
```
/env
├── ciao.txt          (file vuoto)
├── success.txt       (28 byte, già esistente)
└── es/
    └── content1.txt   (file vuoto)
```

Vedo che `success.txt` esiste già. Lo sovrascrivo con il contenuto richiesto:
[tool: Read] {'file_path': '/env/success.txt'}
Il file `success.txt` esiste già e contiene già **"tutto settato correttamente"** — è tutto pronto! ✅

Riepilogo struttura finale:

```
/env/
├── ciao.txt
├── success.txt       ← "tutto settato correttamente"
└── es/
    └── content1.txt
```

Done - cost: $0.1452, turns: 6
